Running test with user ubuntu
-- Generating ;/home/ubuntu/buildrootCourse/assignments-base/assignment-autotest/test/assignment1/Test_hello_Runner.c;/home/ubuntu/buildrootCourse/assignments-base/assignment-autotest/test/assignment1/Test_assignment_validate_Runner.c;/home/ubuntu/buildrootCourse/assignments-base/assignment-autotest/../student-test/assignment1/Test_validate_username_Runner.c from test/assignment1/Test_hello.c;test/assignment1/Test_assignment_validate.c;../student-test/assignment1/Test_validate_username.c
-- Building executable including ;/home/ubuntu/buildrootCourse/assignments-base/assignment-autotest/test/assignment1/Test_hello_Runner.c;/home/ubuntu/buildrootCourse/assignments-base/assignment-autotest/test/assignment1/Test_assignment_validate_Runner.c;/home/ubuntu/buildrootCourse/assignments-base/assignment-autotest/../student-test/assignment1/Test_validate_username_Runner.c test/assignment1/Test_hello.c;test/assignment1/Test_assignment_validate.c;../student-test/assignment1/Test_validate_username.c and ../examples/autotest-validate/autotest-validate.c
-- Configuring done
-- Generating done
-- Build files have been written to: /home/ubuntu/buildrootCourse/assignments-base/build
[  8%] Building C object assignment-autotest/Unity/src/CMakeFiles/unity.dir/unity.c.o
[ 16%] Linking C static library libunity.a
[ 16%] Built target unity
[ 25%] Generating ../../assignment-autotest/test/assignment1/Test_hello_Runner.c, ../../assignment-autotest/test/assignment1/Test_assignment_validate_Runner.c, ../../student-test/assignment1/Test_validate_username_Runner.c, ../../assignment-autotest/test/unity_runner.c
Test files for auto dependency generation test/assignment1/Test_hello.c test/assignment1/Test_assignment_validate.c ../student-test/assignment1/Test_validate_username.c
Autogenerating runner for test/assignment1/Test_hello.c
Autogenerating runner for test/assignment1/Test_assignment_validate.c
Autogenerating runner for ../student-test/assignment1/Test_validate_username.c
Autogenerating test/unity_runner.c
Scanning dependencies of target assignment-autotest
[ 33%] Building C object assignment-autotest/CMakeFiles/assignment-autotest.dir/test/assignment1/Test_hello.c.o
[ 41%] Building C object assignment-autotest/CMakeFiles/assignment-autotest.dir/test/assignment1/Test_assignment_validate.c.o
[ 50%] Building C object assignment-autotest/CMakeFiles/assignment-autotest.dir/__/student-test/assignment1/Test_validate_username.c.o
[ 58%] Building C object assignment-autotest/CMakeFiles/assignment-autotest.dir/test/assignment1/Test_hello_Runner.c.o
[ 66%] Building C object assignment-autotest/CMakeFiles/assignment-autotest.dir/test/assignment1/Test_assignment_validate_Runner.c.o
[ 75%] Building C object assignment-autotest/CMakeFiles/assignment-autotest.dir/__/student-test/assignment1/Test_validate_username_Runner.c.o
[ 83%] Building C object assignment-autotest/CMakeFiles/assignment-autotest.dir/__/examples/autotest-validate/autotest-validate.c.o
[ 91%] Building C object assignment-autotest/CMakeFiles/assignment-autotest.dir/test/unity_runner.c.o
[100%] Linking C executable assignment-autotest
[100%] Built target assignment-autotest
/home/ubuntu/buildrootCourse/assignments-base/assignment-autotest/test/assignment1/Test_hello.c:6:test_hello:INFO: Hello!  Your unity setup is working!
/home/ubuntu/buildrootCourse/assignments-base/assignment-autotest/test/assignment1/Test_hello.c:4:test_hello:PASS

-----------------------
1 Tests 0 Failures 0 Ignored 
OK
/home/ubuntu/buildrootCourse/assignments-base/assignment-autotest/test/assignment1/Test_assignment_validate.c:9:test_assignment_validate:PASS

-----------------------
1 Tests 0 Failures 0 Ignored 
OK
Read HasanBasriBILGE from conf/username.txt
/home/ubuntu/buildrootCourse/assignments-base/assignment-autotest/../student-test/assignment1/Test_validate_username.c:15:test_validate_my_username:PASS

-----------------------
1 Tests 0 Failures 0 Ignored 
OK
Executing assignment test script
~/buildrootCourse/assignments-base/assignment-autotest/test/assignment1 ~/buildrootCourse/assignments-base
~/buildrootCourse/assignments-base/finder-app ~/buildrootCourse/assignments-base/assignment-autotest/test/assignment1 ~/buildrootCourse/assignments-base
Usage: ./writer.sh <writefile> <writestr>
Usage: ./writer.sh <writefile> <writestr>
Using default value AELD_IS_FUN for string to write
Using default value 10 for number of files to write
Writing 10 files containing string AELD_IS_FUN to /tmp/aeld-data
File '/tmp/aeld-data/HasanBasriBILGE1.txt' created with content:
AELD_IS_FUN
File '/tmp/aeld-data/HasanBasriBILGE2.txt' created with content:
AELD_IS_FUN
File '/tmp/aeld-data/HasanBasriBILGE3.txt' created with content:
AELD_IS_FUN
File '/tmp/aeld-data/HasanBasriBILGE4.txt' created with content:
AELD_IS_FUN
File '/tmp/aeld-data/HasanBasriBILGE5.txt' created with content:
AELD_IS_FUN
File '/tmp/aeld-data/HasanBasriBILGE6.txt' created with content:
AELD_IS_FUN
File '/tmp/aeld-data/HasanBasriBILGE7.txt' created with content:
AELD_IS_FUN
File '/tmp/aeld-data/HasanBasriBILGE8.txt' created with content:
AELD_IS_FUN
File '/tmp/aeld-data/HasanBasriBILGE9.txt' created with content:
AELD_IS_FUN
File '/tmp/aeld-data/HasanBasriBILGE10.txt' created with content:
AELD_IS_FUN
The number of files are 10 and the number of matching lines are 10
success
Writing 10 files containing string AELD_IS_FUN to /tmp/aeld-data/m9QoIQZKQnTOeOEPrBcH8Q38kGSqMsFn
File '/tmp/aeld-data/m9QoIQZKQnTOeOEPrBcH8Q38kGSqMsFn/HasanBasriBILGE1.txt' created with content:
AELD_IS_FUN
File '/tmp/aeld-data/m9QoIQZKQnTOeOEPrBcH8Q38kGSqMsFn/HasanBasriBILGE2.txt' created with content:
AELD_IS_FUN
File '/tmp/aeld-data/m9QoIQZKQnTOeOEPrBcH8Q38kGSqMsFn/HasanBasriBILGE3.txt' created with content:
AELD_IS_FUN
File '/tmp/aeld-data/m9QoIQZKQnTOeOEPrBcH8Q38kGSqMsFn/HasanBasriBILGE4.txt' created with content:
AELD_IS_FUN
File '/tmp/aeld-data/m9QoIQZKQnTOeOEPrBcH8Q38kGSqMsFn/HasanBasriBILGE5.txt' created with content:
AELD_IS_FUN
File '/tmp/aeld-data/m9QoIQZKQnTOeOEPrBcH8Q38kGSqMsFn/HasanBasriBILGE6.txt' created with content:
AELD_IS_FUN
File '/tmp/aeld-data/m9QoIQZKQnTOeOEPrBcH8Q38kGSqMsFn/HasanBasriBILGE7.txt' created with content:
AELD_IS_FUN
File '/tmp/aeld-data/m9QoIQZKQnTOeOEPrBcH8Q38kGSqMsFn/HasanBasriBILGE8.txt' created with content:
AELD_IS_FUN
File '/tmp/aeld-data/m9QoIQZKQnTOeOEPrBcH8Q38kGSqMsFn/HasanBasriBILGE9.txt' created with content:
AELD_IS_FUN
File '/tmp/aeld-data/m9QoIQZKQnTOeOEPrBcH8Q38kGSqMsFn/HasanBasriBILGE10.txt' created with content:
AELD_IS_FUN
The number of files are 10 and the number of matching lines are 10
success
Test of assignment assignment1 complete with success
Running test with user ubuntu
-- Generating ;/home/ubuntu/buildrootCourse/assignments-base/assignment-autotest/test/assignment1/Test_hello_Runner.c;/home/ubuntu/buildrootCourse/assignments-base/assignment-autotest/test/assignment1/Test_assignment_validate_Runner.c from test/assignment1/Test_hello.c;test/assignment1/Test_assignment_validate.c
-- Building executable including ;/home/ubuntu/buildrootCourse/assignments-base/assignment-autotest/test/assignment1/Test_hello_Runner.c;/home/ubuntu/buildrootCourse/assignments-base/assignment-autotest/test/assignment1/Test_assignment_validate_Runner.c test/assignment1/Test_hello.c;test/assignment1/Test_assignment_validate.c and ../examples/autotest-validate/autotest-validate.c
-- Configuring done
-- Generating done
-- Build files have been written to: /home/ubuntu/buildrootCourse/assignments-base/build
[ 10%] Building C object assignment-autotest/Unity/src/CMakeFiles/unity.dir/unity.c.o
[ 20%] Linking C static library libunity.a
[ 20%] Built target unity
[ 30%] Generating ../../assignment-autotest/test/assignment1/Test_hello_Runner.c, ../../assignment-autotest/test/assignment1/Test_assignment_validate_Runner.c, ../../assignment-autotest/test/unity_runner.c
Test files for auto dependency generation test/assignment1/Test_hello.c test/assignment1/Test_assignment_validate.c
Autogenerating runner for test/assignment1/Test_hello.c
Autogenerating runner for test/assignment1/Test_assignment_validate.c
Autogenerating test/unity_runner.c
Scanning dependencies of target assignment-autotest
[ 40%] Building C object assignment-autotest/CMakeFiles/assignment-autotest.dir/test/assignment1/Test_hello.c.o
[ 50%] Building C object assignment-autotest/CMakeFiles/assignment-autotest.dir/test/assignment1/Test_assignment_validate.c.o
[ 60%] Building C object assignment-autotest/CMakeFiles/assignment-autotest.dir/test/assignment1/Test_hello_Runner.c.o
[ 70%] Building C object assignment-autotest/CMakeFiles/assignment-autotest.dir/test/assignment1/Test_assignment_validate_Runner.c.o
[ 80%] Building C object assignment-autotest/CMakeFiles/assignment-autotest.dir/__/examples/autotest-validate/autotest-validate.c.o
[ 90%] Building C object assignment-autotest/CMakeFiles/assignment-autotest.dir/test/unity_runner.c.o
[100%] Linking C executable assignment-autotest
[100%] Built target assignment-autotest
/home/ubuntu/buildrootCourse/assignments-base/assignment-autotest/test/assignment1/Test_hello.c:6:test_hello:INFO: Hello!  Your unity setup is working!
/home/ubuntu/buildrootCourse/assignments-base/assignment-autotest/test/assignment1/Test_hello.c:4:test_hello:PASS

-----------------------
1 Tests 0 Failures 0 Ignored 
OK
/home/ubuntu/buildrootCourse/assignments-base/assignment-autotest/test/assignment1/Test_assignment_validate.c:9:test_assignment_validate:PASS

-----------------------
1 Tests 0 Failures 0 Ignored 
OK
Executing assignment test script
~/buildrootCourse/assignments-base/assignment-autotest/test/assignment2 ~/buildrootCourse/assignments-base
~/buildrootCourse/assignments-base/finder-app ~/buildrootCourse/assignments-base/assignment-autotest/test/assignment2 ~/buildrootCourse/assignments-base
rm -f writer writer.o
gcc -Wall -Wextra   -c -o writer.o writer.c
gcc -Wall -Wextra -lsystemd -o writer writer.o
Usage: ./writer <string> <file>
Usage: ./writer <string> <file>
Using default value AELD_IS_FUN for string to write
Using default value 10 for number of files to write
Writing 10 files containing string AELD_IS_FUN to /tmp/aeld-data
/tmp/aeld-data created
File '/tmp/aeld-data/HasanBasriBILGE1.txt' created with content:
AELD_IS_FUN
File '/tmp/aeld-data/HasanBasriBILGE2.txt' created with content:
AELD_IS_FUN
File '/tmp/aeld-data/HasanBasriBILGE3.txt' created with content:
AELD_IS_FUN
File '/tmp/aeld-data/HasanBasriBILGE4.txt' created with content:
AELD_IS_FUN
File '/tmp/aeld-data/HasanBasriBILGE5.txt' created with content:
AELD_IS_FUN
File '/tmp/aeld-data/HasanBasriBILGE6.txt' created with content:
AELD_IS_FUN
File '/tmp/aeld-data/HasanBasriBILGE7.txt' created with content:
AELD_IS_FUN
File '/tmp/aeld-data/HasanBasriBILGE8.txt' created with content:
AELD_IS_FUN
File '/tmp/aeld-data/HasanBasriBILGE9.txt' created with content:
AELD_IS_FUN
File '/tmp/aeld-data/HasanBasriBILGE10.txt' created with content:
AELD_IS_FUN
failed: expected  The number of files are 10 and the number of matching lines are 10 in The number of files are 10 and the number of matching lines are 0 but instead found
[0;31mValidation Error:finder-test.sh execution failed with return code 1[0m
Validation failed with error list :finder-test.sh execution failed with return code 1
Test of assignment assignment2 failed with rc=1
Running test with user ubuntu
-- Generating ;/home/ubuntu/buildrootCourse/assignments-base/assignment-autotest/test/assignment1/Test_hello_Runner.c;/home/ubuntu/buildrootCourse/assignments-base/assignment-autotest/test/assignment1/Test_assignment_validate_Runner.c from test/assignment1/Test_hello.c;test/assignment1/Test_assignment_validate.c
-- Building executable including ;/home/ubuntu/buildrootCourse/assignments-base/assignment-autotest/test/assignment1/Test_hello_Runner.c;/home/ubuntu/buildrootCourse/assignments-base/assignment-autotest/test/assignment1/Test_assignment_validate_Runner.c test/assignment1/Test_hello.c;test/assignment1/Test_assignment_validate.c and ../examples/autotest-validate/autotest-validate.c
-- Configuring done
-- Generating done
-- Build files have been written to: /home/ubuntu/buildrootCourse/assignments-base/build
[ 10%] Building C object assignment-autotest/Unity/src/CMakeFiles/unity.dir/unity.c.o
[ 20%] Linking C static library libunity.a
[ 20%] Built target unity
[ 30%] Generating ../../assignment-autotest/test/assignment1/Test_hello_Runner.c, ../../assignment-autotest/test/assignment1/Test_assignment_validate_Runner.c, ../../assignment-autotest/test/unity_runner.c
Test files for auto dependency generation test/assignment1/Test_hello.c test/assignment1/Test_assignment_validate.c
Autogenerating runner for test/assignment1/Test_hello.c
Autogenerating runner for test/assignment1/Test_assignment_validate.c
Autogenerating test/unity_runner.c
Scanning dependencies of target assignment-autotest
[ 40%] Building C object assignment-autotest/CMakeFiles/assignment-autotest.dir/test/assignment1/Test_hello.c.o
[ 50%] Building C object assignment-autotest/CMakeFiles/assignment-autotest.dir/test/assignment1/Test_assignment_validate.c.o
[ 60%] Building C object assignment-autotest/CMakeFiles/assignment-autotest.dir/test/assignment1/Test_hello_Runner.c.o
[ 70%] Building C object assignment-autotest/CMakeFiles/assignment-autotest.dir/test/assignment1/Test_assignment_validate_Runner.c.o
[ 80%] Building C object assignment-autotest/CMakeFiles/assignment-autotest.dir/__/examples/autotest-validate/autotest-validate.c.o
[ 90%] Building C object assignment-autotest/CMakeFiles/assignment-autotest.dir/test/unity_runner.c.o
[100%] Linking C executable assignment-autotest
[100%] Built target assignment-autotest
/home/ubuntu/buildrootCourse/assignments-base/assignment-autotest/test/assignment1/Test_hello.c:6:test_hello:INFO: Hello!  Your unity setup is working!
/home/ubuntu/buildrootCourse/assignments-base/assignment-autotest/test/assignment1/Test_hello.c:4:test_hello:PASS

-----------------------
1 Tests 0 Failures 0 Ignored 
OK
/home/ubuntu/buildrootCourse/assignments-base/assignment-autotest/test/assignment1/Test_assignment_validate.c:9:test_assignment_validate:PASS

-----------------------
1 Tests 0 Failures 0 Ignored 
OK
Executing assignment test script
~/buildrootCourse/assignments-base/assignment-autotest/test/assignment2 ~/buildrootCourse/assignments-base
~/buildrootCourse/assignments-base/finder-app ~/buildrootCourse/assignments-base/assignment-autotest/test/assignment2 ~/buildrootCourse/assignments-base
rm -f writer writer.o
gcc -Wall -Wextra   -c -o writer.o writer.c
gcc -Wall -Wextra -lsystemd -o writer writer.o
Usage: ./writer <string> <file>
Usage: ./writer <string> <file>
Using default value AELD_IS_FUN for string to write
Using default value 10 for number of files to write
Writing 10 files containing string AELD_IS_FUN to /tmp/aeld-data
/tmp/aeld-data created
File '/tmp/aeld-data/HasanBasriBILGE1.txt' created with content:
AELD_IS_FUN
File '/tmp/aeld-data/HasanBasriBILGE2.txt' created with content:
AELD_IS_FUN
File '/tmp/aeld-data/HasanBasriBILGE3.txt' created with content:
AELD_IS_FUN
File '/tmp/aeld-data/HasanBasriBILGE4.txt' created with content:
AELD_IS_FUN
File '/tmp/aeld-data/HasanBasriBILGE5.txt' created with content:
AELD_IS_FUN
File '/tmp/aeld-data/HasanBasriBILGE6.txt' created with content:
AELD_IS_FUN
File '/tmp/aeld-data/HasanBasriBILGE7.txt' created with content:
AELD_IS_FUN
File '/tmp/aeld-data/HasanBasriBILGE8.txt' created with content:
AELD_IS_FUN
File '/tmp/aeld-data/HasanBasriBILGE9.txt' created with content:
AELD_IS_FUN
File '/tmp/aeld-data/HasanBasriBILGE10.txt' created with content:
AELD_IS_FUN
failed: expected  The number of files are 10 and the number of matching lines are 10 in The number of files are 10 and the number of matching lines are 0 but instead found
[0;31mValidation Error:finder-test.sh execution failed with return code 1[0m
Validation failed with error list :finder-test.sh execution failed with return code 1
Test of assignment assignment2 failed with rc=1
Running test with user ubuntu
-- Generating ;/home/ubuntu/buildrootCourse/assignments-base/assignment-autotest/test/assignment1/Test_hello_Runner.c;/home/ubuntu/buildrootCourse/assignments-base/assignment-autotest/test/assignment1/Test_assignment_validate_Runner.c from test/assignment1/Test_hello.c;test/assignment1/Test_assignment_validate.c
-- Building executable including ;/home/ubuntu/buildrootCourse/assignments-base/assignment-autotest/test/assignment1/Test_hello_Runner.c;/home/ubuntu/buildrootCourse/assignments-base/assignment-autotest/test/assignment1/Test_assignment_validate_Runner.c test/assignment1/Test_hello.c;test/assignment1/Test_assignment_validate.c and ../examples/autotest-validate/autotest-validate.c
-- Configuring done
-- Generating done
-- Build files have been written to: /home/ubuntu/buildrootCourse/assignments-base/build
[ 10%] Building C object assignment-autotest/Unity/src/CMakeFiles/unity.dir/unity.c.o
[ 20%] Linking C static library libunity.a
[ 20%] Built target unity
[ 30%] Generating ../../assignment-autotest/test/assignment1/Test_hello_Runner.c, ../../assignment-autotest/test/assignment1/Test_assignment_validate_Runner.c, ../../assignment-autotest/test/unity_runner.c
Test files for auto dependency generation test/assignment1/Test_hello.c test/assignment1/Test_assignment_validate.c
Autogenerating runner for test/assignment1/Test_hello.c
Autogenerating runner for test/assignment1/Test_assignment_validate.c
Autogenerating test/unity_runner.c
Scanning dependencies of target assignment-autotest
[ 40%] Building C object assignment-autotest/CMakeFiles/assignment-autotest.dir/test/assignment1/Test_hello.c.o
[ 50%] Building C object assignment-autotest/CMakeFiles/assignment-autotest.dir/test/assignment1/Test_assignment_validate.c.o
[ 60%] Building C object assignment-autotest/CMakeFiles/assignment-autotest.dir/test/assignment1/Test_hello_Runner.c.o
[ 70%] Building C object assignment-autotest/CMakeFiles/assignment-autotest.dir/test/assignment1/Test_assignment_validate_Runner.c.o
[ 80%] Building C object assignment-autotest/CMakeFiles/assignment-autotest.dir/__/examples/autotest-validate/autotest-validate.c.o
[ 90%] Building C object assignment-autotest/CMakeFiles/assignment-autotest.dir/test/unity_runner.c.o
[100%] Linking C executable assignment-autotest
[100%] Built target assignment-autotest
/home/ubuntu/buildrootCourse/assignments-base/assignment-autotest/test/assignment1/Test_hello.c:6:test_hello:INFO: Hello!  Your unity setup is working!
/home/ubuntu/buildrootCourse/assignments-base/assignment-autotest/test/assignment1/Test_hello.c:4:test_hello:PASS

-----------------------
1 Tests 0 Failures 0 Ignored 
OK
/home/ubuntu/buildrootCourse/assignments-base/assignment-autotest/test/assignment1/Test_assignment_validate.c:9:test_assignment_validate:PASS

-----------------------
1 Tests 0 Failures 0 Ignored 
OK
Executing assignment test script
~/buildrootCourse/assignments-base/assignment-autotest/test/assignment2 ~/buildrootCourse/assignments-base
~/buildrootCourse/assignments-base/finder-app ~/buildrootCourse/assignments-base/assignment-autotest/test/assignment2 ~/buildrootCourse/assignments-base
rm -f writer writer.o
gcc -Wall -Wextra   -c -o writer.o writer.c
gcc -Wall -Wextra -lsystemd -o writer writer.o
Usage: ./writer <string> <file>
Usage: ./writer <string> <file>
Using default value AELD_IS_FUN for string to write
Using default value 10 for number of files to write
Writing 10 files containing string AELD_IS_FUN to /tmp/aeld-data
/tmp/aeld-data created
File '/tmp/aeld-data/HasanBasriBILGE1.txt' created with content:
AELD_IS_FUN
File '/tmp/aeld-data/HasanBasriBILGE2.txt' created with content:
AELD_IS_FUN
File '/tmp/aeld-data/HasanBasriBILGE3.txt' created with content:
AELD_IS_FUN
File '/tmp/aeld-data/HasanBasriBILGE4.txt' created with content:
AELD_IS_FUN
File '/tmp/aeld-data/HasanBasriBILGE5.txt' created with content:
AELD_IS_FUN
File '/tmp/aeld-data/HasanBasriBILGE6.txt' created with content:
AELD_IS_FUN
File '/tmp/aeld-data/HasanBasriBILGE7.txt' created with content:
AELD_IS_FUN
File '/tmp/aeld-data/HasanBasriBILGE8.txt' created with content:
AELD_IS_FUN
File '/tmp/aeld-data/HasanBasriBILGE9.txt' created with content:
AELD_IS_FUN
File '/tmp/aeld-data/HasanBasriBILGE10.txt' created with content:
AELD_IS_FUN
failed: expected  The number of files are 10 and the number of matching lines are 10 in The number of files are 10 and the number of matching lines are 0 but instead found
[0;31mValidation Error:finder-test.sh execution failed with return code 1[0m
Validation failed with error list :finder-test.sh execution failed with return code 1
Test of assignment assignment2 failed with rc=1
Running test with user ubuntu
-- Generating ;/home/ubuntu/buildrootCourse/assignments-base/assignment-autotest/test/assignment1/Test_hello_Runner.c;/home/ubuntu/buildrootCourse/assignments-base/assignment-autotest/test/assignment1/Test_assignment_validate_Runner.c from test/assignment1/Test_hello.c;test/assignment1/Test_assignment_validate.c
-- Building executable including ;/home/ubuntu/buildrootCourse/assignments-base/assignment-autotest/test/assignment1/Test_hello_Runner.c;/home/ubuntu/buildrootCourse/assignments-base/assignment-autotest/test/assignment1/Test_assignment_validate_Runner.c test/assignment1/Test_hello.c;test/assignment1/Test_assignment_validate.c and ../examples/autotest-validate/autotest-validate.c
-- Configuring done
-- Generating done
-- Build files have been written to: /home/ubuntu/buildrootCourse/assignments-base/build
[ 10%] Building C object assignment-autotest/Unity/src/CMakeFiles/unity.dir/unity.c.o
[ 20%] Linking C static library libunity.a
[ 20%] Built target unity
[ 30%] Generating ../../assignment-autotest/test/assignment1/Test_hello_Runner.c, ../../assignment-autotest/test/assignment1/Test_assignment_validate_Runner.c, ../../assignment-autotest/test/unity_runner.c
Test files for auto dependency generation test/assignment1/Test_hello.c test/assignment1/Test_assignment_validate.c
Autogenerating runner for test/assignment1/Test_hello.c
Autogenerating runner for test/assignment1/Test_assignment_validate.c
Autogenerating test/unity_runner.c
Scanning dependencies of target assignment-autotest
[ 40%] Building C object assignment-autotest/CMakeFiles/assignment-autotest.dir/test/assignment1/Test_hello.c.o
[ 50%] Building C object assignment-autotest/CMakeFiles/assignment-autotest.dir/test/assignment1/Test_assignment_validate.c.o
[ 60%] Building C object assignment-autotest/CMakeFiles/assignment-autotest.dir/test/assignment1/Test_hello_Runner.c.o
[ 70%] Building C object assignment-autotest/CMakeFiles/assignment-autotest.dir/test/assignment1/Test_assignment_validate_Runner.c.o
[ 80%] Building C object assignment-autotest/CMakeFiles/assignment-autotest.dir/__/examples/autotest-validate/autotest-validate.c.o
[ 90%] Building C object assignment-autotest/CMakeFiles/assignment-autotest.dir/test/unity_runner.c.o
[100%] Linking C executable assignment-autotest
[100%] Built target assignment-autotest
/home/ubuntu/buildrootCourse/assignments-base/assignment-autotest/test/assignment1/Test_hello.c:6:test_hello:INFO: Hello!  Your unity setup is working!
/home/ubuntu/buildrootCourse/assignments-base/assignment-autotest/test/assignment1/Test_hello.c:4:test_hello:PASS

-----------------------
1 Tests 0 Failures 0 Ignored 
OK
/home/ubuntu/buildrootCourse/assignments-base/assignment-autotest/test/assignment1/Test_assignment_validate.c:9:test_assignment_validate:PASS

-----------------------
1 Tests 0 Failures 0 Ignored 
OK
Executing assignment test script
~/buildrootCourse/assignments-base/assignment-autotest/test/assignment2 ~/buildrootCourse/assignments-base
~/buildrootCourse/assignments-base/finder-app ~/buildrootCourse/assignments-base/assignment-autotest/test/assignment2 ~/buildrootCourse/assignments-base
rm -f writer writer.o
gcc -Wall -Wextra   -c -o writer.o writer.c
gcc -Wall -Wextra -lsystemd -o writer writer.o
Usage: ./writer <string> <file>
Usage: ./writer <string> <file>
Using default value AELD_IS_FUN for string to write
Using default value 10 for number of files to write
Writing 10 files containing string AELD_IS_FUN to /tmp/aeld-data
/tmp/aeld-data created
File '/tmp/aeld-data/HasanBasriBILGE1.txt' created with content:
AELD_IS_FUN
File '/tmp/aeld-data/HasanBasriBILGE2.txt' created with content:
AELD_IS_FUN
File '/tmp/aeld-data/HasanBasriBILGE3.txt' created with content:
AELD_IS_FUN
File '/tmp/aeld-data/HasanBasriBILGE4.txt' created with content:
AELD_IS_FUN
File '/tmp/aeld-data/HasanBasriBILGE5.txt' created with content:
AELD_IS_FUN
File '/tmp/aeld-data/HasanBasriBILGE6.txt' created with content:
AELD_IS_FUN
File '/tmp/aeld-data/HasanBasriBILGE7.txt' created with content:
AELD_IS_FUN
File '/tmp/aeld-data/HasanBasriBILGE8.txt' created with content:
AELD_IS_FUN
File '/tmp/aeld-data/HasanBasriBILGE9.txt' created with content:
AELD_IS_FUN
File '/tmp/aeld-data/HasanBasriBILGE10.txt' created with content:
AELD_IS_FUN
[0;31mValidation Error:finder-test.sh execution failed with return code 1[0m
Validation failed with error list :finder-test.sh execution failed with return code 1
Test of assignment assignment2 failed with rc=1
Running test with user ubuntu
-- Generating ;/home/ubuntu/buildrootCourse/assignments-base/assignment-autotest/test/assignment1/Test_hello_Runner.c;/home/ubuntu/buildrootCourse/assignments-base/assignment-autotest/test/assignment1/Test_assignment_validate_Runner.c from test/assignment1/Test_hello.c;test/assignment1/Test_assignment_validate.c
-- Building executable including ;/home/ubuntu/buildrootCourse/assignments-base/assignment-autotest/test/assignment1/Test_hello_Runner.c;/home/ubuntu/buildrootCourse/assignments-base/assignment-autotest/test/assignment1/Test_assignment_validate_Runner.c test/assignment1/Test_hello.c;test/assignment1/Test_assignment_validate.c and ../examples/autotest-validate/autotest-validate.c
-- Configuring done
-- Generating done
-- Build files have been written to: /home/ubuntu/buildrootCourse/assignments-base/build
[ 10%] Building C object assignment-autotest/Unity/src/CMakeFiles/unity.dir/unity.c.o
[ 20%] Linking C static library libunity.a
[ 20%] Built target unity
[ 30%] Generating ../../assignment-autotest/test/assignment1/Test_hello_Runner.c, ../../assignment-autotest/test/assignment1/Test_assignment_validate_Runner.c, ../../assignment-autotest/test/unity_runner.c
Test files for auto dependency generation test/assignment1/Test_hello.c test/assignment1/Test_assignment_validate.c
Autogenerating runner for test/assignment1/Test_hello.c
Autogenerating runner for test/assignment1/Test_assignment_validate.c
Autogenerating test/unity_runner.c
Scanning dependencies of target assignment-autotest
[ 40%] Building C object assignment-autotest/CMakeFiles/assignment-autotest.dir/test/assignment1/Test_hello.c.o
[ 50%] Building C object assignment-autotest/CMakeFiles/assignment-autotest.dir/test/assignment1/Test_assignment_validate.c.o
[ 60%] Building C object assignment-autotest/CMakeFiles/assignment-autotest.dir/test/assignment1/Test_hello_Runner.c.o
[ 70%] Building C object assignment-autotest/CMakeFiles/assignment-autotest.dir/test/assignment1/Test_assignment_validate_Runner.c.o
[ 80%] Building C object assignment-autotest/CMakeFiles/assignment-autotest.dir/__/examples/autotest-validate/autotest-validate.c.o
[ 90%] Building C object assignment-autotest/CMakeFiles/assignment-autotest.dir/test/unity_runner.c.o
[100%] Linking C executable assignment-autotest
[100%] Built target assignment-autotest
/home/ubuntu/buildrootCourse/assignments-base/assignment-autotest/test/assignment1/Test_hello.c:6:test_hello:INFO: Hello!  Your unity setup is working!
/home/ubuntu/buildrootCourse/assignments-base/assignment-autotest/test/assignment1/Test_hello.c:4:test_hello:PASS

-----------------------
1 Tests 0 Failures 0 Ignored 
OK
/home/ubuntu/buildrootCourse/assignments-base/assignment-autotest/test/assignment1/Test_assignment_validate.c:9:test_assignment_validate:PASS

-----------------------
1 Tests 0 Failures 0 Ignored 
OK
Executing assignment test script
~/buildrootCourse/assignments-base/assignment-autotest/test/assignment2 ~/buildrootCourse/assignments-base
~/buildrootCourse/assignments-base/finder-app ~/buildrootCourse/assignments-base/assignment-autotest/test/assignment2 ~/buildrootCourse/assignments-base
rm -f writer writer.o
gcc -Wall -Wextra   -c -o writer.o writer.c
gcc -Wall -Wextra -lsystemd -o writer writer.o
Usage: ./writer <string> <file>
Usage: ./writer <string> <file>
Using default value AELD_IS_FUN for string to write
Using default value 10 for number of files to write
Writing 10 files containing string AELD_IS_FUN to /tmp/aeld-data
/tmp/aeld-data created
File '/tmp/aeld-data/HasanBasriBILGE1.txt' created with content:
AELD_IS_FUN
File '/tmp/aeld-data/HasanBasriBILGE2.txt' created with content:
AELD_IS_FUN
File '/tmp/aeld-data/HasanBasriBILGE3.txt' created with content:
AELD_IS_FUN
File '/tmp/aeld-data/HasanBasriBILGE4.txt' created with content:
AELD_IS_FUN
File '/tmp/aeld-data/HasanBasriBILGE5.txt' created with content:
AELD_IS_FUN
File '/tmp/aeld-data/HasanBasriBILGE6.txt' created with content:
AELD_IS_FUN
File '/tmp/aeld-data/HasanBasriBILGE7.txt' created with content:
AELD_IS_FUN
File '/tmp/aeld-data/HasanBasriBILGE8.txt' created with content:
AELD_IS_FUN
File '/tmp/aeld-data/HasanBasriBILGE9.txt' created with content:
AELD_IS_FUN
File '/tmp/aeld-data/HasanBasriBILGE10.txt' created with content:
AELD_IS_FUN
failed: expected  The number of files are 10 and the number of matching lines are 10 in The number of files are 10 and the number of matching lines are 0 but instead found
[0;31mValidation Error:finder-test.sh execution failed with return code 1[0m
Validation failed with error list :finder-test.sh execution failed with return code 1
Test of assignment assignment2 failed with rc=1
Running test with user ubuntu
-- Generating ;/home/ubuntu/buildrootCourse/assignments-base/assignment-autotest/test/assignment1/Test_hello_Runner.c;/home/ubuntu/buildrootCourse/assignments-base/assignment-autotest/test/assignment1/Test_assignment_validate_Runner.c from test/assignment1/Test_hello.c;test/assignment1/Test_assignment_validate.c
-- Building executable including ;/home/ubuntu/buildrootCourse/assignments-base/assignment-autotest/test/assignment1/Test_hello_Runner.c;/home/ubuntu/buildrootCourse/assignments-base/assignment-autotest/test/assignment1/Test_assignment_validate_Runner.c test/assignment1/Test_hello.c;test/assignment1/Test_assignment_validate.c and ../examples/autotest-validate/autotest-validate.c
-- Configuring done
-- Generating done
-- Build files have been written to: /home/ubuntu/buildrootCourse/assignments-base/build
[ 10%] Building C object assignment-autotest/Unity/src/CMakeFiles/unity.dir/unity.c.o
[ 20%] Linking C static library libunity.a
[ 20%] Built target unity
[ 30%] Generating ../../assignment-autotest/test/assignment1/Test_hello_Runner.c, ../../assignment-autotest/test/assignment1/Test_assignment_validate_Runner.c, ../../assignment-autotest/test/unity_runner.c
Test files for auto dependency generation test/assignment1/Test_hello.c test/assignment1/Test_assignment_validate.c
Autogenerating runner for test/assignment1/Test_hello.c
Autogenerating runner for test/assignment1/Test_assignment_validate.c
Autogenerating test/unity_runner.c
Scanning dependencies of target assignment-autotest
[ 40%] Building C object assignment-autotest/CMakeFiles/assignment-autotest.dir/test/assignment1/Test_hello.c.o
[ 50%] Building C object assignment-autotest/CMakeFiles/assignment-autotest.dir/test/assignment1/Test_assignment_validate.c.o
[ 60%] Building C object assignment-autotest/CMakeFiles/assignment-autotest.dir/test/assignment1/Test_hello_Runner.c.o
[ 70%] Building C object assignment-autotest/CMakeFiles/assignment-autotest.dir/test/assignment1/Test_assignment_validate_Runner.c.o
[ 80%] Building C object assignment-autotest/CMakeFiles/assignment-autotest.dir/__/examples/autotest-validate/autotest-validate.c.o
[ 90%] Building C object assignment-autotest/CMakeFiles/assignment-autotest.dir/test/unity_runner.c.o
[100%] Linking C executable assignment-autotest
[100%] Built target assignment-autotest
/home/ubuntu/buildrootCourse/assignments-base/assignment-autotest/test/assignment1/Test_hello.c:6:test_hello:INFO: Hello!  Your unity setup is working!
/home/ubuntu/buildrootCourse/assignments-base/assignment-autotest/test/assignment1/Test_hello.c:4:test_hello:PASS

-----------------------
1 Tests 0 Failures 0 Ignored 
OK
/home/ubuntu/buildrootCourse/assignments-base/assignment-autotest/test/assignment1/Test_assignment_validate.c:9:test_assignment_validate:PASS

-----------------------
1 Tests 0 Failures 0 Ignored 
OK
Executing assignment test script
~/buildrootCourse/assignments-base/assignment-autotest/test/assignment2 ~/buildrootCourse/assignments-base
~/buildrootCourse/assignments-base/finder-app ~/buildrootCourse/assignments-base/assignment-autotest/test/assignment2 ~/buildrootCourse/assignments-base
rm -f writer writer.o
gcc -Wall -Wextra   -c -o writer.o writer.c
gcc -Wall -Wextra -lsystemd -o writer writer.o
Usage: ./writer <string> <file>
Usage: ./writer <string> <file>
Using default value AELD_IS_FUN for string to write
Using default value 10 for number of files to write
Writing 10 files containing string AELD_IS_FUN to /tmp/aeld-data
/tmp/aeld-data created
File '/tmp/aeld-data/HasanBasriBILGE1.txt' created with content:
AELD_IS_FUN
File '/tmp/aeld-data/HasanBasriBILGE2.txt' created with content:
AELD_IS_FUN
File '/tmp/aeld-data/HasanBasriBILGE3.txt' created with content:
AELD_IS_FUN
File '/tmp/aeld-data/HasanBasriBILGE4.txt' created with content:
AELD_IS_FUN
File '/tmp/aeld-data/HasanBasriBILGE5.txt' created with content:
AELD_IS_FUN
File '/tmp/aeld-data/HasanBasriBILGE6.txt' created with content:
AELD_IS_FUN
File '/tmp/aeld-data/HasanBasriBILGE7.txt' created with content:
AELD_IS_FUN
File '/tmp/aeld-data/HasanBasriBILGE8.txt' created with content:
AELD_IS_FUN
File '/tmp/aeld-data/HasanBasriBILGE9.txt' created with content:
AELD_IS_FUN
File '/tmp/aeld-data/HasanBasriBILGE10.txt' created with content:
AELD_IS_FUN
failed: expected  The number of files are 10 and the number of matching lines are 10 in Actual Output: The number of files are 10 and the number of matching lines are 0
Validation Successful but instead found
[0;31mValidation Error:finder-test.sh execution failed with return code 1[0m
Validation failed with error list :finder-test.sh execution failed with return code 1
Test of assignment assignment2 failed with rc=1
Running test with user ubuntu
-- Generating ;/home/ubuntu/buildrootCourse/assignments-base/assignment-autotest/test/assignment1/Test_hello_Runner.c;/home/ubuntu/buildrootCourse/assignments-base/assignment-autotest/test/assignment1/Test_assignment_validate_Runner.c from test/assignment1/Test_hello.c;test/assignment1/Test_assignment_validate.c
-- Building executable including ;/home/ubuntu/buildrootCourse/assignments-base/assignment-autotest/test/assignment1/Test_hello_Runner.c;/home/ubuntu/buildrootCourse/assignments-base/assignment-autotest/test/assignment1/Test_assignment_validate_Runner.c test/assignment1/Test_hello.c;test/assignment1/Test_assignment_validate.c and ../examples/autotest-validate/autotest-validate.c
-- Configuring done
-- Generating done
-- Build files have been written to: /home/ubuntu/buildrootCourse/assignments-base/build
[ 10%] Building C object assignment-autotest/Unity/src/CMakeFiles/unity.dir/unity.c.o
[ 20%] Linking C static library libunity.a
[ 20%] Built target unity
[ 30%] Generating ../../assignment-autotest/test/assignment1/Test_hello_Runner.c, ../../assignment-autotest/test/assignment1/Test_assignment_validate_Runner.c, ../../assignment-autotest/test/unity_runner.c
Test files for auto dependency generation test/assignment1/Test_hello.c test/assignment1/Test_assignment_validate.c
Autogenerating runner for test/assignment1/Test_hello.c
Autogenerating runner for test/assignment1/Test_assignment_validate.c
Autogenerating test/unity_runner.c
Scanning dependencies of target assignment-autotest
[ 40%] Building C object assignment-autotest/CMakeFiles/assignment-autotest.dir/test/assignment1/Test_hello.c.o
[ 50%] Building C object assignment-autotest/CMakeFiles/assignment-autotest.dir/test/assignment1/Test_assignment_validate.c.o
[ 60%] Building C object assignment-autotest/CMakeFiles/assignment-autotest.dir/test/assignment1/Test_hello_Runner.c.o
[ 70%] Building C object assignment-autotest/CMakeFiles/assignment-autotest.dir/test/assignment1/Test_assignment_validate_Runner.c.o
[ 80%] Building C object assignment-autotest/CMakeFiles/assignment-autotest.dir/__/examples/autotest-validate/autotest-validate.c.o
[ 90%] Building C object assignment-autotest/CMakeFiles/assignment-autotest.dir/test/unity_runner.c.o
[100%] Linking C executable assignment-autotest
[100%] Built target assignment-autotest
/home/ubuntu/buildrootCourse/assignments-base/assignment-autotest/test/assignment1/Test_hello.c:6:test_hello:INFO: Hello!  Your unity setup is working!
/home/ubuntu/buildrootCourse/assignments-base/assignment-autotest/test/assignment1/Test_hello.c:4:test_hello:PASS

-----------------------
1 Tests 0 Failures 0 Ignored 
OK
/home/ubuntu/buildrootCourse/assignments-base/assignment-autotest/test/assignment1/Test_assignment_validate.c:9:test_assignment_validate:PASS

-----------------------
1 Tests 0 Failures 0 Ignored 
OK
Executing assignment test script
~/buildrootCourse/assignments-base/assignment-autotest/test/assignment2 ~/buildrootCourse/assignments-base
~/buildrootCourse/assignments-base/finder-app ~/buildrootCourse/assignments-base/assignment-autotest/test/assignment2 ~/buildrootCourse/assignments-base
rm -f writer writer.o
gcc -Wall -Wextra   -c -o writer.o writer.c
gcc -Wall -Wextra -lsystemd -o writer writer.o
Usage: ./writer <string> <file>
Usage: ./writer <string> <file>
Using default value AELD_IS_FUN for string to write
Using default value 10 for number of files to write
Writing 10 files containing string AELD_IS_FUN to /tmp/aeld-data
/tmp/aeld-data created
File '/tmp/aeld-data/HasanBasriBILGE1.txt' created with content:
AELD_IS_FUN
File '/tmp/aeld-data/HasanBasriBILGE2.txt' created with content:
AELD_IS_FUN
File '/tmp/aeld-data/HasanBasriBILGE3.txt' created with content:
AELD_IS_FUN
File '/tmp/aeld-data/HasanBasriBILGE4.txt' created with content:
AELD_IS_FUN
File '/tmp/aeld-data/HasanBasriBILGE5.txt' created with content:
AELD_IS_FUN
File '/tmp/aeld-data/HasanBasriBILGE6.txt' created with content:
AELD_IS_FUN
File '/tmp/aeld-data/HasanBasriBILGE7.txt' created with content:
AELD_IS_FUN
File '/tmp/aeld-data/HasanBasriBILGE8.txt' created with content:
AELD_IS_FUN
File '/tmp/aeld-data/HasanBasriBILGE9.txt' created with content:
AELD_IS_FUN
File '/tmp/aeld-data/HasanBasriBILGE10.txt' created with content:
AELD_IS_FUN
failed: expected  The number of files are 10 and the number of matching lines are 10 in Validation Successful but instead found
[0;31mValidation Error:finder-test.sh execution failed with return code 1[0m
Validation failed with error list :finder-test.sh execution failed with return code 1
Test of assignment assignment2 failed with rc=1
Running test with user ubuntu
-- Generating ;/home/ubuntu/buildrootCourse/assignments-base/assignment-autotest/test/assignment1/Test_hello_Runner.c;/home/ubuntu/buildrootCourse/assignments-base/assignment-autotest/test/assignment1/Test_assignment_validate_Runner.c from test/assignment1/Test_hello.c;test/assignment1/Test_assignment_validate.c
-- Building executable including ;/home/ubuntu/buildrootCourse/assignments-base/assignment-autotest/test/assignment1/Test_hello_Runner.c;/home/ubuntu/buildrootCourse/assignments-base/assignment-autotest/test/assignment1/Test_assignment_validate_Runner.c test/assignment1/Test_hello.c;test/assignment1/Test_assignment_validate.c and ../examples/autotest-validate/autotest-validate.c
-- Configuring done
-- Generating done
-- Build files have been written to: /home/ubuntu/buildrootCourse/assignments-base/build
[ 10%] Building C object assignment-autotest/Unity/src/CMakeFiles/unity.dir/unity.c.o
[ 20%] Linking C static library libunity.a
[ 20%] Built target unity
[ 30%] Generating ../../assignment-autotest/test/assignment1/Test_hello_Runner.c, ../../assignment-autotest/test/assignment1/Test_assignment_validate_Runner.c, ../../assignment-autotest/test/unity_runner.c
Test files for auto dependency generation test/assignment1/Test_hello.c test/assignment1/Test_assignment_validate.c
Autogenerating runner for test/assignment1/Test_hello.c
Autogenerating runner for test/assignment1/Test_assignment_validate.c
Autogenerating test/unity_runner.c
Scanning dependencies of target assignment-autotest
[ 40%] Building C object assignment-autotest/CMakeFiles/assignment-autotest.dir/test/assignment1/Test_hello.c.o
[ 50%] Building C object assignment-autotest/CMakeFiles/assignment-autotest.dir/test/assignment1/Test_assignment_validate.c.o
[ 60%] Building C object assignment-autotest/CMakeFiles/assignment-autotest.dir/test/assignment1/Test_hello_Runner.c.o
[ 70%] Building C object assignment-autotest/CMakeFiles/assignment-autotest.dir/test/assignment1/Test_assignment_validate_Runner.c.o
[ 80%] Building C object assignment-autotest/CMakeFiles/assignment-autotest.dir/__/examples/autotest-validate/autotest-validate.c.o
[ 90%] Building C object assignment-autotest/CMakeFiles/assignment-autotest.dir/test/unity_runner.c.o
[100%] Linking C executable assignment-autotest
[100%] Built target assignment-autotest
/home/ubuntu/buildrootCourse/assignments-base/assignment-autotest/test/assignment1/Test_hello.c:6:test_hello:INFO: Hello!  Your unity setup is working!
/home/ubuntu/buildrootCourse/assignments-base/assignment-autotest/test/assignment1/Test_hello.c:4:test_hello:PASS

-----------------------
1 Tests 0 Failures 0 Ignored 
OK
/home/ubuntu/buildrootCourse/assignments-base/assignment-autotest/test/assignment1/Test_assignment_validate.c:9:test_assignment_validate:PASS

-----------------------
1 Tests 0 Failures 0 Ignored 
OK
Executing assignment test script
~/buildrootCourse/assignments-base/assignment-autotest/test/assignment2 ~/buildrootCourse/assignments-base
~/buildrootCourse/assignments-base/finder-app ~/buildrootCourse/assignments-base/assignment-autotest/test/assignment2 ~/buildrootCourse/assignments-base
rm -f writer writer.o
gcc -Wall -Wextra   -c -o writer.o writer.c
gcc -Wall -Wextra -lsystemd -o writer writer.o
Usage: ./writer <writefile> <writestr>
Usage: ./writer <writefile> <writestr>
Using default value AELD_IS_FUN for string to write
Using default value 10 for number of files to write
Writing 10 files containing string AELD_IS_FUN to /tmp/aeld-data
/tmp/aeld-data created
File '/tmp/aeld-data/HasanBasriBILGE1.txt' created with content:
AELD_IS_FUN
File '/tmp/aeld-data/HasanBasriBILGE2.txt' created with content:
AELD_IS_FUN
File '/tmp/aeld-data/HasanBasriBILGE3.txt' created with content:
AELD_IS_FUN
File '/tmp/aeld-data/HasanBasriBILGE4.txt' created with content:
AELD_IS_FUN
File '/tmp/aeld-data/HasanBasriBILGE5.txt' created with content:
AELD_IS_FUN
File '/tmp/aeld-data/HasanBasriBILGE6.txt' created with content:
AELD_IS_FUN
File '/tmp/aeld-data/HasanBasriBILGE7.txt' created with content:
AELD_IS_FUN
File '/tmp/aeld-data/HasanBasriBILGE8.txt' created with content:
AELD_IS_FUN
File '/tmp/aeld-data/HasanBasriBILGE9.txt' created with content:
AELD_IS_FUN
File '/tmp/aeld-data/HasanBasriBILGE10.txt' created with content:
AELD_IS_FUN
The number of files are 10 and the number of matching lines are 10
success
Test of assignment assignment2 complete with success
Running test with user ubuntu
-- Generating ;/home/ubuntu/buildrootCourse/assignments-base/assignment-autotest/test/assignment1/Test_hello_Runner.c;/home/ubuntu/buildrootCourse/assignments-base/assignment-autotest/test/assignment1/Test_assignment_validate_Runner.c from test/assignment1/Test_hello.c;test/assignment1/Test_assignment_validate.c
-- Building executable including ;/home/ubuntu/buildrootCourse/assignments-base/assignment-autotest/test/assignment1/Test_hello_Runner.c;/home/ubuntu/buildrootCourse/assignments-base/assignment-autotest/test/assignment1/Test_assignment_validate_Runner.c test/assignment1/Test_hello.c;test/assignment1/Test_assignment_validate.c and ../examples/autotest-validate/autotest-validate.c
-- Configuring done
-- Generating done
-- Build files have been written to: /home/ubuntu/buildrootCourse/assignments-base/build
[ 10%] Building C object assignment-autotest/Unity/src/CMakeFiles/unity.dir/unity.c.o
[ 20%] Linking C static library libunity.a
[ 20%] Built target unity
[ 30%] Generating ../../assignment-autotest/test/assignment1/Test_hello_Runner.c, ../../assignment-autotest/test/assignment1/Test_assignment_validate_Runner.c, ../../assignment-autotest/test/unity_runner.c
Test files for auto dependency generation test/assignment1/Test_hello.c test/assignment1/Test_assignment_validate.c
Autogenerating runner for test/assignment1/Test_hello.c
Autogenerating runner for test/assignment1/Test_assignment_validate.c
Autogenerating test/unity_runner.c
Scanning dependencies of target assignment-autotest
[ 40%] Building C object assignment-autotest/CMakeFiles/assignment-autotest.dir/test/assignment1/Test_hello.c.o
[ 50%] Building C object assignment-autotest/CMakeFiles/assignment-autotest.dir/test/assignment1/Test_assignment_validate.c.o
[ 60%] Building C object assignment-autotest/CMakeFiles/assignment-autotest.dir/test/assignment1/Test_hello_Runner.c.o
[ 70%] Building C object assignment-autotest/CMakeFiles/assignment-autotest.dir/test/assignment1/Test_assignment_validate_Runner.c.o
[ 80%] Building C object assignment-autotest/CMakeFiles/assignment-autotest.dir/__/examples/autotest-validate/autotest-validate.c.o
[ 90%] Building C object assignment-autotest/CMakeFiles/assignment-autotest.dir/test/unity_runner.c.o
[100%] Linking C executable assignment-autotest
[100%] Built target assignment-autotest
/home/ubuntu/buildrootCourse/assignments-base/assignment-autotest/test/assignment1/Test_hello.c:6:test_hello:INFO: Hello!  Your unity setup is working!
/home/ubuntu/buildrootCourse/assignments-base/assignment-autotest/test/assignment1/Test_hello.c:4:test_hello:PASS

-----------------------
1 Tests 0 Failures 0 Ignored 
OK
/home/ubuntu/buildrootCourse/assignments-base/assignment-autotest/test/assignment1/Test_assignment_validate.c:9:test_assignment_validate:PASS

-----------------------
1 Tests 0 Failures 0 Ignored 
OK
Executing assignment test script
~/buildrootCourse/assignments-base/assignment-autotest/test/assignment2 ~/buildrootCourse/assignments-base
~/buildrootCourse/assignments-base/finder-app ~/buildrootCourse/assignments-base/assignment-autotest/test/assignment2 ~/buildrootCourse/assignments-base
rm -f writer writer.o
gcc -Wall -Wextra   -c -o writer.o writer.c
gcc -Wall -Wextra -lsystemd -o writer writer.o
Usage: ./writer <writefile> <writestr>
Usage: ./writer <writefile> <writestr>
Using default value AELD_IS_FUN for string to write
Using default value 10 for number of files to write
Writing 10 files containing string AELD_IS_FUN to /tmp/aeld-data
/tmp/aeld-data created
File '/tmp/aeld-data/HasanBasriBILGE1.txt' created with content:
AELD_IS_FUN
File '/tmp/aeld-data/HasanBasriBILGE2.txt' created with content:
AELD_IS_FUN
File '/tmp/aeld-data/HasanBasriBILGE3.txt' created with content:
AELD_IS_FUN
File '/tmp/aeld-data/HasanBasriBILGE4.txt' created with content:
AELD_IS_FUN
File '/tmp/aeld-data/HasanBasriBILGE5.txt' created with content:
AELD_IS_FUN
File '/tmp/aeld-data/HasanBasriBILGE6.txt' created with content:
AELD_IS_FUN
File '/tmp/aeld-data/HasanBasriBILGE7.txt' created with content:
AELD_IS_FUN
File '/tmp/aeld-data/HasanBasriBILGE8.txt' created with content:
AELD_IS_FUN
File '/tmp/aeld-data/HasanBasriBILGE9.txt' created with content:
AELD_IS_FUN
File '/tmp/aeld-data/HasanBasriBILGE10.txt' created with content:
AELD_IS_FUN
The number of files are 10 and the number of matching lines are 10
success
Test of assignment assignment2 complete with success
Running test with user ubuntu
CMake Error: The current CMakeCache.txt directory /home/ubuntu/buildrootCours/assignments-base/build/CMakeCache.txt is different than the directory /home/ubuntu/buildrootCourse/assignments-base/build where CMakeCache.txt was created. This may result in binaries being created in the wrong place. If you are not sure, reedit the CMakeCache.txt
CMake Error: The source "/home/ubuntu/buildrootCours/assignments-base/CMakeLists.txt" does not match the source "/home/ubuntu/buildrootCourse/assignments-base/CMakeLists.txt" used to generate cache.  Re-run cmake with a different source directory.
/bin/sh: 1: cd: can't cd to /home/ubuntu/buildrootCourse/assignments-base/build/assignment-autotest
make[2]: *** [assignment-autotest/CMakeFiles/assignment-autotest.dir/build.make:179: assignment-autotest/CMakeFiles/assignment-autotest.dir/clean] Error 2
make[1]: *** [CMakeFiles/Makefile2:150: assignment-autotest/CMakeFiles/assignment-autotest.dir/clean] Error 2
make: *** [Makefile:136: clean] Error 2
CMake Error: The source directory "/home/ubuntu/buildrootCourse/assignments-base" does not exist.
Specify --help for usage, or press the help button on the CMake GUI.
make: *** [Makefile:210: cmake_check_build_system] Error 1
/home/ubuntu/buildrootCourse/assignments-base/assignment-autotest/test/assignment1/Test_hello.c:6:test_hello:INFO: Hello!  Your unity setup is working!
/home/ubuntu/buildrootCourse/assignments-base/assignment-autotest/test/assignment1/Test_hello.c:4:test_hello:PASS

-----------------------
1 Tests 0 Failures 0 Ignored 
OK
/home/ubuntu/buildrootCourse/assignments-base/assignment-autotest/test/assignment1/Test_assignment_validate.c:9:test_assignment_validate:PASS

-----------------------
1 Tests 0 Failures 0 Ignored 
OK
Executing assignment test script
~/buildrootCours/assignments-base/assignment-autotest/test/assignment2 ~/buildrootCours/assignments-base
~/buildrootCours/assignments-base/finder-app ~/buildrootCours/assignments-base/assignment-autotest/test/assignment2 ~/buildrootCours/assignments-base
rm -f writer writer.o
gcc -Wall -Wextra   -c -o writer.o writer.c
gcc -Wall -Wextra -lsystemd -o writer writer.o
Usage: ./writer <writefile> <writestr>
Usage: ./writer <writefile> <writestr>
Using default value AELD_IS_FUN for string to write
Using default value 10 for number of files to write
Writing 10 files containing string AELD_IS_FUN to /tmp/aeld-data
/tmp/aeld-data created
./finder-test.sh: 57: Syntax error: redirection unexpected
[0;31mValidation Error:finder-test.sh execution failed with return code 2[0m
Validation failed with error list :finder-test.sh execution failed with return code 2
Test of assignment assignment2 failed with rc=1
Running test with user ubuntu
CMake Error: The current CMakeCache.txt directory /home/ubuntu/buildrootCours/assignments-base/build/CMakeCache.txt is different than the directory /home/ubuntu/buildrootCourse/assignments-base/build where CMakeCache.txt was created. This may result in binaries being created in the wrong place. If you are not sure, reedit the CMakeCache.txt
CMake Error: The source "/home/ubuntu/buildrootCours/assignments-base/CMakeLists.txt" does not match the source "/home/ubuntu/buildrootCourse/assignments-base/CMakeLists.txt" used to generate cache.  Re-run cmake with a different source directory.
/bin/sh: 1: cd: can't cd to /home/ubuntu/buildrootCourse/assignments-base/build/assignment-autotest
make[2]: *** [assignment-autotest/CMakeFiles/assignment-autotest.dir/build.make:179: assignment-autotest/CMakeFiles/assignment-autotest.dir/clean] Error 2
make[1]: *** [CMakeFiles/Makefile2:150: assignment-autotest/CMakeFiles/assignment-autotest.dir/clean] Error 2
make: *** [Makefile:136: clean] Error 2
CMake Error: The source directory "/home/ubuntu/buildrootCourse/assignments-base" does not exist.
Specify --help for usage, or press the help button on the CMake GUI.
make: *** [Makefile:210: cmake_check_build_system] Error 1
/home/ubuntu/buildrootCourse/assignments-base/assignment-autotest/test/assignment1/Test_hello.c:6:test_hello:INFO: Hello!  Your unity setup is working!
/home/ubuntu/buildrootCourse/assignments-base/assignment-autotest/test/assignment1/Test_hello.c:4:test_hello:PASS

-----------------------
1 Tests 0 Failures 0 Ignored 
OK
/home/ubuntu/buildrootCourse/assignments-base/assignment-autotest/test/assignment1/Test_assignment_validate.c:9:test_assignment_validate:PASS

-----------------------
1 Tests 0 Failures 0 Ignored 
OK
Executing assignment test script
~/buildrootCours/assignments-base/assignment-autotest/test/assignment2 ~/buildrootCours/assignments-base
~/buildrootCours/assignments-base/finder-app ~/buildrootCours/assignments-base/assignment-autotest/test/assignment2 ~/buildrootCours/assignments-base
rm -f writer writer.o
gcc -Wall -Wextra   -c -o writer.o writer.c
gcc -Wall -Wextra -lsystemd -o writer writer.o
Usage: ./writer <writefile> <writestr>
Usage: ./writer <writefile> <writestr>
Using default value AELD_IS_FUN for string to write
Using default value 10 for number of files to write
Writing 10 files containing string AELD_IS_FUN to /tmp/aeld-data
/tmp/aeld-data created
File '/tmp/aeld-data/HasanBasriBILGE1.txt' created with content:
AELD_IS_FUN
File '/tmp/aeld-data/HasanBasriBILGE2.txt' created with content:
AELD_IS_FUN
File '/tmp/aeld-data/HasanBasriBILGE3.txt' created with content:
AELD_IS_FUN
File '/tmp/aeld-data/HasanBasriBILGE4.txt' created with content:
AELD_IS_FUN
File '/tmp/aeld-data/HasanBasriBILGE5.txt' created with content:
AELD_IS_FUN
File '/tmp/aeld-data/HasanBasriBILGE6.txt' created with content:
AELD_IS_FUN
File '/tmp/aeld-data/HasanBasriBILGE7.txt' created with content:
AELD_IS_FUN
File '/tmp/aeld-data/HasanBasriBILGE8.txt' created with content:
AELD_IS_FUN
File '/tmp/aeld-data/HasanBasriBILGE9.txt' created with content:
AELD_IS_FUN
File '/tmp/aeld-data/HasanBasriBILGE10.txt' created with content:
AELD_IS_FUN
./finder.sh: line 33: syntax error near unexpected token `<<<'
./finder.sh: line 33: `<<<<<<< HEAD'
[0;31mValidation Error:finder-test.sh execution failed with return code 2[0m
Validation failed with error list :finder-test.sh execution failed with return code 2
Test of assignment assignment2 failed with rc=1
Running test with user ubuntu
CMake Error: The current CMakeCache.txt directory /home/ubuntu/buildrootCours/assignments-base/build/CMakeCache.txt is different than the directory /home/ubuntu/buildrootCourse/assignments-base/build where CMakeCache.txt was created. This may result in binaries being created in the wrong place. If you are not sure, reedit the CMakeCache.txt
CMake Error: The source "/home/ubuntu/buildrootCours/assignments-base/CMakeLists.txt" does not match the source "/home/ubuntu/buildrootCourse/assignments-base/CMakeLists.txt" used to generate cache.  Re-run cmake with a different source directory.
/bin/sh: 1: cd: can't cd to /home/ubuntu/buildrootCourse/assignments-base/build/assignment-autotest
make[2]: *** [assignment-autotest/CMakeFiles/assignment-autotest.dir/build.make:179: assignment-autotest/CMakeFiles/assignment-autotest.dir/clean] Error 2
make[1]: *** [CMakeFiles/Makefile2:150: assignment-autotest/CMakeFiles/assignment-autotest.dir/clean] Error 2
make: *** [Makefile:136: clean] Error 2
CMake Error: The source directory "/home/ubuntu/buildrootCourse/assignments-base" does not exist.
Specify --help for usage, or press the help button on the CMake GUI.
make: *** [Makefile:210: cmake_check_build_system] Error 1
/home/ubuntu/buildrootCourse/assignments-base/assignment-autotest/test/assignment1/Test_hello.c:6:test_hello:INFO: Hello!  Your unity setup is working!
/home/ubuntu/buildrootCourse/assignments-base/assignment-autotest/test/assignment1/Test_hello.c:4:test_hello:PASS

-----------------------
1 Tests 0 Failures 0 Ignored 
OK
/home/ubuntu/buildrootCourse/assignments-base/assignment-autotest/test/assignment1/Test_assignment_validate.c:9:test_assignment_validate:PASS

-----------------------
1 Tests 0 Failures 0 Ignored 
OK
Executing assignment test script
~/buildrootCours/assignments-base/assignment-autotest/test/assignment2 ~/buildrootCours/assignments-base
~/buildrootCours/assignments-base/finder-app ~/buildrootCours/assignments-base/assignment-autotest/test/assignment2 ~/buildrootCours/assignments-base
rm -f writer writer.o
gcc -Wall -Wextra   -c -o writer.o writer.c
gcc -Wall -Wextra -lsystemd -o writer writer.o
Usage: ./writer <writefile> <writestr>
Usage: ./writer <writefile> <writestr>
Using default value AELD_IS_FUN for string to write
Using default value 10 for number of files to write
Writing 10 files containing string AELD_IS_FUN to /tmp/aeld-data
/tmp/aeld-data created
File '/tmp/aeld-data/HasanBasriBILGE1.txt' created with content:
AELD_IS_FUN
File '/tmp/aeld-data/HasanBasriBILGE2.txt' created with content:
AELD_IS_FUN
File '/tmp/aeld-data/HasanBasriBILGE3.txt' created with content:
AELD_IS_FUN
File '/tmp/aeld-data/HasanBasriBILGE4.txt' created with content:
AELD_IS_FUN
File '/tmp/aeld-data/HasanBasriBILGE5.txt' created with content:
AELD_IS_FUN
File '/tmp/aeld-data/HasanBasriBILGE6.txt' created with content:
AELD_IS_FUN
File '/tmp/aeld-data/HasanBasriBILGE7.txt' created with content:
AELD_IS_FUN
File '/tmp/aeld-data/HasanBasriBILGE8.txt' created with content:
AELD_IS_FUN
File '/tmp/aeld-data/HasanBasriBILGE9.txt' created with content:
AELD_IS_FUN
File '/tmp/aeld-data/HasanBasriBILGE10.txt' created with content:
AELD_IS_FUN
The number of files are 10 and the number of matching lines are 10
success
Test of assignment assignment2 complete with success
Running test with user ubuntu
CMake Error: The current CMakeCache.txt directory /home/ubuntu/buildrootCours/assignments-base/build/CMakeCache.txt is different than the directory /home/ubuntu/buildrootCourse/assignments-base/build where CMakeCache.txt was created. This may result in binaries being created in the wrong place. If you are not sure, reedit the CMakeCache.txt
CMake Error: The source "/home/ubuntu/buildrootCours/assignments-base/CMakeLists.txt" does not match the source "/home/ubuntu/buildrootCourse/assignments-base/CMakeLists.txt" used to generate cache.  Re-run cmake with a different source directory.
/bin/sh: 1: cd: can't cd to /home/ubuntu/buildrootCourse/assignments-base/build/assignment-autotest
make[2]: *** [assignment-autotest/CMakeFiles/assignment-autotest.dir/build.make:179: assignment-autotest/CMakeFiles/assignment-autotest.dir/clean] Error 2
make[1]: *** [CMakeFiles/Makefile2:150: assignment-autotest/CMakeFiles/assignment-autotest.dir/clean] Error 2
make: *** [Makefile:136: clean] Error 2
CMake Error: The source directory "/home/ubuntu/buildrootCourse/assignments-base" does not exist.
Specify --help for usage, or press the help button on the CMake GUI.
make: *** [Makefile:210: cmake_check_build_system] Error 1
/home/ubuntu/buildrootCourse/assignments-base/assignment-autotest/test/assignment1/Test_hello.c:6:test_hello:INFO: Hello!  Your unity setup is working!
/home/ubuntu/buildrootCourse/assignments-base/assignment-autotest/test/assignment1/Test_hello.c:4:test_hello:PASS

-----------------------
1 Tests 0 Failures 0 Ignored 
OK
/home/ubuntu/buildrootCourse/assignments-base/assignment-autotest/test/assignment1/Test_assignment_validate.c:9:test_assignment_validate:PASS

-----------------------
1 Tests 0 Failures 0 Ignored 
OK
Executing assignment test script
~/buildrootCours/assignments-base/assignment-autotest/test/assignment2 ~/buildrootCours/assignments-base
~/buildrootCours/assignments-base/finder-app ~/buildrootCours/assignments-base/assignment-autotest/test/assignment2 ~/buildrootCours/assignments-base
rm -f writer writer.o
gcc -Wall -Wextra   -c -o writer.o writer.c
gcc -Wall -Wextra -lsystemd -o writer writer.o
Usage: ./writer <writefile> <writestr>
Usage: ./writer <writefile> <writestr>
Using default value AELD_IS_FUN for string to write
Using default value 10 for number of files to write
Writing 10 files containing string AELD_IS_FUN to /tmp/aeld-data
/tmp/aeld-data created
File '/tmp/aeld-data/HasanBasriBILGE1.txt' created with content:
AELD_IS_FUN
File '/tmp/aeld-data/HasanBasriBILGE2.txt' created with content:
AELD_IS_FUN
File '/tmp/aeld-data/HasanBasriBILGE3.txt' created with content:
AELD_IS_FUN
File '/tmp/aeld-data/HasanBasriBILGE4.txt' created with content:
AELD_IS_FUN
File '/tmp/aeld-data/HasanBasriBILGE5.txt' created with content:
AELD_IS_FUN
File '/tmp/aeld-data/HasanBasriBILGE6.txt' created with content:
AELD_IS_FUN
File '/tmp/aeld-data/HasanBasriBILGE7.txt' created with content:
AELD_IS_FUN
File '/tmp/aeld-data/HasanBasriBILGE8.txt' created with content:
AELD_IS_FUN
File '/tmp/aeld-data/HasanBasriBILGE9.txt' created with content:
AELD_IS_FUN
File '/tmp/aeld-data/HasanBasriBILGE10.txt' created with content:
AELD_IS_FUN
The number of files are 10 and the number of matching lines are 10
success
Test of assignment assignment2 complete with success
Running test with user ubuntu
CMake Error: The current CMakeCache.txt directory /home/ubuntu/buildrootCours/assignments-base/build/CMakeCache.txt is different than the directory /home/ubuntu/buildrootCourse/assignments-base/build where CMakeCache.txt was created. This may result in binaries being created in the wrong place. If you are not sure, reedit the CMakeCache.txt
CMake Error: The source "/home/ubuntu/buildrootCours/assignments-base/CMakeLists.txt" does not match the source "/home/ubuntu/buildrootCourse/assignments-base/CMakeLists.txt" used to generate cache.  Re-run cmake with a different source directory.
/bin/sh: 1: cd: can't cd to /home/ubuntu/buildrootCourse/assignments-base/build/assignment-autotest
make[2]: *** [assignment-autotest/CMakeFiles/assignment-autotest.dir/build.make:179: assignment-autotest/CMakeFiles/assignment-autotest.dir/clean] Error 2
make[1]: *** [CMakeFiles/Makefile2:150: assignment-autotest/CMakeFiles/assignment-autotest.dir/clean] Error 2
make: *** [Makefile:136: clean] Error 2
CMake Error: The source directory "/home/ubuntu/buildrootCourse/assignments-base" does not exist.
Specify --help for usage, or press the help button on the CMake GUI.
make: *** [Makefile:210: cmake_check_build_system] Error 1
/home/ubuntu/buildrootCourse/assignments-base/assignment-autotest/test/assignment1/Test_hello.c:6:test_hello:INFO: Hello!  Your unity setup is working!
/home/ubuntu/buildrootCourse/assignments-base/assignment-autotest/test/assignment1/Test_hello.c:4:test_hello:PASS

-----------------------
1 Tests 0 Failures 0 Ignored 
OK
/home/ubuntu/buildrootCourse/assignments-base/assignment-autotest/test/assignment1/Test_assignment_validate.c:9:test_assignment_validate:PASS

-----------------------
1 Tests 0 Failures 0 Ignored 
OK
Executing assignment test script
~/buildrootCours/assignments-base/assignment-autotest/test/assignment2 ~/buildrootCours/assignments-base
~/buildrootCours/assignments-base/finder-app ~/buildrootCours/assignments-base/assignment-autotest/test/assignment2 ~/buildrootCours/assignments-base
rm -f writer writer.o
gcc -Wall -Wextra   -c -o writer.o writer.c
gcc -Wall -Wextra -lsystemd -o writer writer.o
Usage: ./writer <writefile> <writestr>
Usage: ./writer <writefile> <writestr>
Using default value AELD_IS_FUN for string to write
Using default value 10 for number of files to write
Writing 10 files containing string AELD_IS_FUN to /tmp/aeld-data
/tmp/aeld-data created
gcc: error: missing filename after ‘-o’
[0;31mValidation Error:finder-test.sh execution failed with return code 1[0m
Validation failed with error list :finder-test.sh execution failed with return code 1
Test of assignment assignment2 failed with rc=1
Running test with user ubuntu
CMake Error: The current CMakeCache.txt directory /home/ubuntu/buildrootCours/assignments-base/build/CMakeCache.txt is different than the directory /home/ubuntu/buildrootCourse/assignments-base/build where CMakeCache.txt was created. This may result in binaries being created in the wrong place. If you are not sure, reedit the CMakeCache.txt
CMake Error: The source "/home/ubuntu/buildrootCours/assignments-base/CMakeLists.txt" does not match the source "/home/ubuntu/buildrootCourse/assignments-base/CMakeLists.txt" used to generate cache.  Re-run cmake with a different source directory.
/bin/sh: 1: cd: can't cd to /home/ubuntu/buildrootCourse/assignments-base/build/assignment-autotest
make[2]: *** [assignment-autotest/CMakeFiles/assignment-autotest.dir/build.make:179: assignment-autotest/CMakeFiles/assignment-autotest.dir/clean] Error 2
make[1]: *** [CMakeFiles/Makefile2:150: assignment-autotest/CMakeFiles/assignment-autotest.dir/clean] Error 2
make: *** [Makefile:136: clean] Error 2
CMake Error: The source directory "/home/ubuntu/buildrootCourse/assignments-base" does not exist.
Specify --help for usage, or press the help button on the CMake GUI.
make: *** [Makefile:210: cmake_check_build_system] Error 1
/home/ubuntu/buildrootCourse/assignments-base/assignment-autotest/test/assignment1/Test_hello.c:6:test_hello:INFO: Hello!  Your unity setup is working!
/home/ubuntu/buildrootCourse/assignments-base/assignment-autotest/test/assignment1/Test_hello.c:4:test_hello:PASS

-----------------------
1 Tests 0 Failures 0 Ignored 
OK
/home/ubuntu/buildrootCourse/assignments-base/assignment-autotest/test/assignment1/Test_assignment_validate.c:9:test_assignment_validate:PASS

-----------------------
1 Tests 0 Failures 0 Ignored 
OK
Executing assignment test script
~/buildrootCours/assignments-base/assignment-autotest/test/assignment2 ~/buildrootCours/assignments-base
~/buildrootCours/assignments-base/finder-app ~/buildrootCours/assignments-base/assignment-autotest/test/assignment2 ~/buildrootCours/assignments-base
rm -f writer writer.o
gcc -Wall -Wextra   -c -o writer.o writer.c
gcc -Wall -Wextra -lsystemd -o writer writer.o
Usage: ./writer <writefile> <writestr>
Usage: ./writer <writefile> <writestr>
Using default value AELD_IS_FUN for string to write
Using default value 10 for number of files to write
Writing 10 files containing string AELD_IS_FUN to /tmp/aeld-data
/tmp/aeld-data created
File '/tmp/aeld-data/HasanBasriBILGE1.txt' created with content:
AELD_IS_FUN
File '/tmp/aeld-data/HasanBasriBILGE2.txt' created with content:
AELD_IS_FUN
File '/tmp/aeld-data/HasanBasriBILGE3.txt' created with content:
AELD_IS_FUN
File '/tmp/aeld-data/HasanBasriBILGE4.txt' created with content:
AELD_IS_FUN
File '/tmp/aeld-data/HasanBasriBILGE5.txt' created with content:
AELD_IS_FUN
File '/tmp/aeld-data/HasanBasriBILGE6.txt' created with content:
AELD_IS_FUN
File '/tmp/aeld-data/HasanBasriBILGE7.txt' created with content:
AELD_IS_FUN
File '/tmp/aeld-data/HasanBasriBILGE8.txt' created with content:
AELD_IS_FUN
File '/tmp/aeld-data/HasanBasriBILGE9.txt' created with content:
AELD_IS_FUN
File '/tmp/aeld-data/HasanBasriBILGE10.txt' created with content:
AELD_IS_FUN
The number of files are 10 and the number of matching lines are 10
success
Test of assignment assignment2 complete with success
Running test with user ubuntu
CMake Error: The current CMakeCache.txt directory /home/ubuntu/buildrootCours/assignments-base/build/CMakeCache.txt is different than the directory /home/ubuntu/buildrootCourse/assignments-base/build where CMakeCache.txt was created. This may result in binaries being created in the wrong place. If you are not sure, reedit the CMakeCache.txt
CMake Error: The source "/home/ubuntu/buildrootCours/assignments-base/CMakeLists.txt" does not match the source "/home/ubuntu/buildrootCourse/assignments-base/CMakeLists.txt" used to generate cache.  Re-run cmake with a different source directory.
/bin/sh: 1: cd: can't cd to /home/ubuntu/buildrootCourse/assignments-base/build/assignment-autotest
make[2]: *** [assignment-autotest/CMakeFiles/assignment-autotest.dir/build.make:179: assignment-autotest/CMakeFiles/assignment-autotest.dir/clean] Error 2
make[1]: *** [CMakeFiles/Makefile2:150: assignment-autotest/CMakeFiles/assignment-autotest.dir/clean] Error 2
make: *** [Makefile:136: clean] Error 2
CMake Error: The source directory "/home/ubuntu/buildrootCourse/assignments-base" does not exist.
Specify --help for usage, or press the help button on the CMake GUI.
make: *** [Makefile:210: cmake_check_build_system] Error 1
/home/ubuntu/buildrootCourse/assignments-base/assignment-autotest/test/assignment1/Test_hello.c:6:test_hello:INFO: Hello!  Your unity setup is working!
/home/ubuntu/buildrootCourse/assignments-base/assignment-autotest/test/assignment1/Test_hello.c:4:test_hello:PASS

-----------------------
1 Tests 0 Failures 0 Ignored 
OK
/home/ubuntu/buildrootCourse/assignments-base/assignment-autotest/test/assignment1/Test_assignment_validate.c:9:test_assignment_validate:PASS

-----------------------
1 Tests 0 Failures 0 Ignored 
OK
Executing assignment test script
~/buildrootCours/assignments-base/assignment-autotest/test/assignment2 ~/buildrootCours/assignments-base
~/buildrootCours/assignments-base/finder-app ~/buildrootCours/assignments-base/assignment-autotest/test/assignment2 ~/buildrootCours/assignments-base
rm -f writer writer.o
gcc -Wall -Wextra   -c -o writer.o writer.c
gcc -Wall -Wextra  -o writer writer.o
Usage: ./writer <writefile> <writestr>
Usage: ./writer <writefile> <writestr>
Using default value AELD_IS_FUN for string to write
Using default value 10 for number of files to write
Writing 10 files containing string AELD_IS_FUN to /tmp/aeld-data
/tmp/aeld-data created
File '/tmp/aeld-data/HasanBasriBILGE1.txt' created with content:
AELD_IS_FUN
File '/tmp/aeld-data/HasanBasriBILGE2.txt' created with content:
AELD_IS_FUN
File '/tmp/aeld-data/HasanBasriBILGE3.txt' created with content:
AELD_IS_FUN
File '/tmp/aeld-data/HasanBasriBILGE4.txt' created with content:
AELD_IS_FUN
File '/tmp/aeld-data/HasanBasriBILGE5.txt' created with content:
AELD_IS_FUN
File '/tmp/aeld-data/HasanBasriBILGE6.txt' created with content:
AELD_IS_FUN
File '/tmp/aeld-data/HasanBasriBILGE7.txt' created with content:
AELD_IS_FUN
File '/tmp/aeld-data/HasanBasriBILGE8.txt' created with content:
AELD_IS_FUN
File '/tmp/aeld-data/HasanBasriBILGE9.txt' created with content:
AELD_IS_FUN
File '/tmp/aeld-data/HasanBasriBILGE10.txt' created with content:
AELD_IS_FUN
The number of files are 10 and the number of matching lines are 10
success
Test of assignment assignment2 complete with success
Running test with user ubuntu
CMake Error: The current CMakeCache.txt directory /home/ubuntu/buildrootCours/assignments-base/build/CMakeCache.txt is different than the directory /home/ubuntu/buildrootCourse/assignments-base/build where CMakeCache.txt was created. This may result in binaries being created in the wrong place. If you are not sure, reedit the CMakeCache.txt
CMake Error: The source "/home/ubuntu/buildrootCours/assignments-base/CMakeLists.txt" does not match the source "/home/ubuntu/buildrootCourse/assignments-base/CMakeLists.txt" used to generate cache.  Re-run cmake with a different source directory.
/bin/sh: 1: cd: can't cd to /home/ubuntu/buildrootCourse/assignments-base/build/assignment-autotest
make[2]: *** [assignment-autotest/CMakeFiles/assignment-autotest.dir/build.make:179: assignment-autotest/CMakeFiles/assignment-autotest.dir/clean] Error 2
make[1]: *** [CMakeFiles/Makefile2:150: assignment-autotest/CMakeFiles/assignment-autotest.dir/clean] Error 2
make: *** [Makefile:136: clean] Error 2
CMake Error: The source directory "/home/ubuntu/buildrootCourse/assignments-base" does not exist.
Specify --help for usage, or press the help button on the CMake GUI.
make: *** [Makefile:210: cmake_check_build_system] Error 1
/home/ubuntu/buildrootCourse/assignments-base/assignment-autotest/test/assignment1/Test_hello.c:6:test_hello:INFO: Hello!  Your unity setup is working!
/home/ubuntu/buildrootCourse/assignments-base/assignment-autotest/test/assignment1/Test_hello.c:4:test_hello:PASS

-----------------------
1 Tests 0 Failures 0 Ignored 
OK
/home/ubuntu/buildrootCourse/assignments-base/assignment-autotest/test/assignment1/Test_assignment_validate.c:9:test_assignment_validate:PASS

-----------------------
1 Tests 0 Failures 0 Ignored 
OK
Executing assignment test script
~/buildrootCours/assignments-base/assignment-autotest/test/assignment2 ~/buildrootCours/assignments-base
~/buildrootCours/assignments-base/finder-app ~/buildrootCours/assignments-base/assignment-autotest/test/assignment2 ~/buildrootCours/assignments-base
rm -rf  writer
gcc writer.c -o  writer
Usage: ./writer <writefile> <writestr>
Usage: ./writer <writefile> <writestr>
Using default value AELD_IS_FUN for string to write
Using default value 10 for number of files to write
Writing 10 files containing string AELD_IS_FUN to /tmp/aeld-data
/tmp/aeld-data created
File '/tmp/aeld-data/HasanBasriBILGE1.txt' created with content:
AELD_IS_FUN
File '/tmp/aeld-data/HasanBasriBILGE2.txt' created with content:
AELD_IS_FUN
File '/tmp/aeld-data/HasanBasriBILGE3.txt' created with content:
AELD_IS_FUN
File '/tmp/aeld-data/HasanBasriBILGE4.txt' created with content:
AELD_IS_FUN
File '/tmp/aeld-data/HasanBasriBILGE5.txt' created with content:
AELD_IS_FUN
File '/tmp/aeld-data/HasanBasriBILGE6.txt' created with content:
AELD_IS_FUN
File '/tmp/aeld-data/HasanBasriBILGE7.txt' created with content:
AELD_IS_FUN
File '/tmp/aeld-data/HasanBasriBILGE8.txt' created with content:
AELD_IS_FUN
File '/tmp/aeld-data/HasanBasriBILGE9.txt' created with content:
AELD_IS_FUN
File '/tmp/aeld-data/HasanBasriBILGE10.txt' created with content:
AELD_IS_FUN
The number of files are 10 and the number of matching lines are 10
success
Test of assignment assignment2 complete with success
